2024-08-17 01:01:32,095 - INFO - Starting the ETL process...
2024-08-17 01:03:31,668 - INFO - Starting the ETL process...
2024-08-17 01:09:21,234 - INFO - Starting the ETL process...
2024-08-17 01:14:02,223 - INFO - Starting the ETL process...
2024-08-17 01:14:43,075 - INFO - Starting the ETL process...
2024-08-17 01:16:17,995 - INFO - Starting the ETL process...
2024-08-17 01:22:54,487 - INFO - Starting the ETL process...
2024-08-17 01:35:26,916 - INFO - Starting the ETL process...
2024-08-17 01:37:09,918 - INFO - Starting the ETL process...
2024-08-17 01:37:41,625 - INFO - Starting the ETL process...
2024-08-17 01:43:30,891 - INFO - Starting the ETL process...
2024-08-17 01:50:23,753 - INFO - Starting the ETL process...
2024-08-17 01:55:57,045 - INFO - Starting the ETL process...
2024-08-17 02:08:06,031 - INFO - Starting the ETL process...
2024-08-17 02:15:52,455 - INFO - Starting the ETL process...
2024-08-17 02:18:09,099 - INFO - Starting the ETL process...
2024-08-17 02:20:13,740 - INFO - Starting the ETL process...
2024-08-17 02:21:40,305 - INFO - Starting the ETL process...
2024-08-17 02:22:40,155 - INFO - Starting the ETL process...
2024-08-17 02:28:08,218 - INFO - Starting the ETL process...
2024-08-17 02:29:44,950 - INFO - Starting the ETL process...
2024-08-17 02:30:38,473 - INFO - Starting the ETL process...
2024-08-17 02:32:12,417 - INFO - Starting the ETL process...
2024-08-17 02:35:43,512 - INFO - Starting the ETL process...
2024-08-17 02:36:24,589 - INFO - Starting the ETL process...
2024-08-17 02:37:13,070 - INFO - Starting the ETL process...
2024-08-17 02:37:27,177 - INFO - Starting the ETL process...
2024-08-17 02:38:35,519 - INFO - Starting the ETL process...
2024-08-17 02:41:40,029 - INFO - Starting the ETL process...
2024-08-17 02:41:51,238 - INFO - ETL process completed successfully!
2024-08-17 09:21:08,333 - INFO - Starting the ETL process...
2024-08-17 09:22:39,874 - INFO - Starting the ETL process...
2024-08-17 09:30:05,223 - INFO - Starting the ETL process...
2024-08-17 09:30:11,909 - INFO - ETL process completed successfully!
2024-08-17 09:32:45,700 - INFO - Starting the ETL process...
2024-08-17 09:32:56,106 - INFO - ETL process completed successfully!
2024-08-17 10:16:53,327 - INFO - Starting the ETL process...
2024-08-17 10:17:04,436 - INFO - ETL process completed successfully!
2024-08-17 11:01:33,405 - INFO - Starting the ETL process...
2024-08-17 11:01:44,089 - INFO - ETL process completed successfully!
2024-08-17 11:50:49,017 - INFO - Starting the ETL process...
2024-08-17 11:50:49,017 - DEBUG - Processing data...
2024-08-17 11:50:49,018 - WARNING - Missing values found in the dataset
2024-08-17 11:50:49,018 - ERROR - Failed to connect to the database
2024-08-17 11:50:49,018 - ERROR - Exception: An unexpected error occurred during the ETL process
Traceback (most recent call last):
  File "d:\Python\P01\main.py", line 25, in main
    raise Exception("An unexpected error occurred during the ETL process")
Exception: An unexpected error occurred during the ETL process
2024-08-17 11:50:49,018 - CRITICAL - ETL process terminated due to an error.
2024-08-17 11:50:59,054 - INFO - ETL process completed successfully!
2024-08-17 11:55:42,212 - INFO - Starting the ETL process...
2024-08-17 11:55:42,212 - DEBUG - Processing data...
2024-08-17 11:55:42,212 - WARNING - Missing values found in the dataset
2024-08-17 11:55:42,212 - ERROR - Failed to connect to the database
2024-08-17 11:55:42,212 - ERROR - Exception: An unexpected error occurred during the ETL process
Traceback (most recent call last):
  File "d:\Python\P01\main.py", line 25, in main
    raise Exception("An unexpected error occurred during the ETL process")
Exception: An unexpected error occurred during the ETL process
2024-08-17 11:55:42,212 - CRITICAL - ETL process terminated due to an error.
2024-08-17 11:55:54,664 - INFO - ETL process completed successfully!
2024-08-17 11:58:33,654 - INFO - Starting the ETL process...
2024-08-17 11:58:33,654 - DEBUG - Processing data...
2024-08-17 11:58:33,654 - WARNING - Missing values found in the dataset
2024-08-17 11:58:33,654 - ERROR - Failed to connect to the database
2024-08-17 11:58:33,654 - INFO - ETL process completed successfully.
2024-08-17 11:58:43,059 - INFO - ETL process completed successfully!
2024-08-17 11:59:06,287 - INFO - Starting the ETL process...
2024-08-17 11:59:06,287 - DEBUG - Processing data...
2024-08-17 11:59:06,287 - WARNING - Missing values found in the dataset
2024-08-17 11:59:06,287 - ERROR - Failed to connect to the database
2024-08-17 11:59:06,287 - INFO - ETL process completed successfully.
2024-08-17 11:59:16,751 - INFO - ETL process completed successfully!
2024-08-17 12:03:30,790 - INFO - Starting the ETL process...
2024-08-17 12:03:30,790 - DEBUG - Processing data...
2024-08-17 12:03:30,790 - WARNING - Missing values found in the dataset
2024-08-17 12:03:30,790 - ERROR - Failed to connect to the database
2024-08-17 12:03:41,402 - INFO - ETL process completed successfully!
2024-08-17 12:07:49,549 - INFO - Starting the ETL process...
2024-08-17 12:07:49,549 - DEBUG - Processing data...
2024-08-17 12:07:49,549 - WARNING - Missing values found in the dataset
2024-08-17 12:07:49,549 - ERROR - Failed to connect to the database
2024-08-17 12:08:00,113 - INFO - ETL process completed successfully!
2024-08-17 12:53:25,284 - INFO - Starting the ETL process...
2024-08-17 12:53:25,284 - DEBUG - Processing data...
2024-08-17 12:53:25,284 - WARNING - Missing values found in the dataset
2024-08-17 12:53:25,284 - ERROR - Failed to connect to the database
2024-08-17 12:53:25,284 - INFO - ETL process completed successfully!
2024-08-17 12:53:52,672 - INFO - Starting the ETL process...
2024-08-17 12:53:52,672 - DEBUG - Processing data...
2024-08-17 12:53:52,672 - WARNING - Missing values found in the dataset
2024-08-17 12:53:52,672 - ERROR - Failed to connect to the database
2024-08-17 12:53:52,672 - INFO - ETL process completed successfully!
2024-08-18 22:03:17,729 - INFO - Starting the ETL process...
2024-08-18 22:03:17,730 - DEBUG - Processing data...
2024-08-18 22:03:17,730 - WARNING - Missing values found in the dataset
2024-08-18 22:03:17,730 - ERROR - Failed to connect to the database
2024-08-18 22:03:17,730 - INFO - ETL process completed successfully!
2024-08-18 22:05:09,148 - INFO - Starting the ETL process...
2024-08-18 22:05:09,148 - DEBUG - Processing data...
2024-08-18 22:05:09,148 - WARNING - Missing values found in the dataset
2024-08-18 22:05:09,148 - ERROR - Failed to connect to the database
2024-08-18 22:05:09,148 - INFO - ETL process completed successfully!
2024-08-18 22:26:07,415 - INFO - Starting the ETL process...
2024-08-18 22:26:07,415 - DEBUG - Processing data...
2024-08-18 22:26:07,415 - WARNING - Missing values found in the dataset
2024-08-18 22:26:07,415 - ERROR - Failed to connect to the database
2024-08-18 22:26:07,415 - INFO - ETL process completed successfully!
2024-08-18 23:02:28,490 - INFO - Starting the ETL process...
2024-08-18 23:02:28,490 - DEBUG - Processing data...
2024-08-18 23:02:28,490 - WARNING - Missing values found in the dataset
2024-08-18 23:02:28,490 - ERROR - Failed to connect to the database
2024-08-18 23:02:28,490 - INFO - ETL process completed successfully!
2024-08-19 12:35:10,422 - INFO - Starting the ETL process...
2024-08-19 12:35:10,423 - DEBUG - Processing data...
2024-08-19 12:35:10,423 - WARNING - Missing values found in the dataset
2024-08-19 12:35:10,423 - ERROR - Failed to connect to the database
2024-08-19 12:35:10,423 - INFO - ETL process completed successfully!
